e:\vscode\kmdf driver1\admin\x64\debug\admin.pch
e:\vscode\kmdf driver1\admin\x64\debug\vc142.pdb
e:\vscode\kmdf driver1\admin\x64\debug\vc142.idb
e:\vscode\kmdf driver1\admin\x64\debug\pch.obj
e:\vscode\kmdf driver1\admin\x64\debug\加载卸载驱动.obj
e:\vscode\kmdf driver1\admin\x64\debug\admindlg.obj
e:\vscode\kmdf driver1\admin\x64\debug\admin.obj
e:\vscode\kmdf driver1\admin\x64\debug\admin.ilk
e:\vscode\kmdf driver1\x64\debug\admin.exe
e:\vscode\kmdf driver1\x64\debug\admin.pdb
e:\vscode\kmdf driver1\admin\x64\debug\admin.res
e:\vscode\kmdf driver1\admin\x64\debug\admin.tlog\cl.command.1.tlog
e:\vscode\kmdf driver1\admin\x64\debug\admin.tlog\cl.read.1.tlog
e:\vscode\kmdf driver1\admin\x64\debug\admin.tlog\cl.write.1.tlog
e:\vscode\kmdf driver1\admin\x64\debug\admin.tlog\link.command.1.tlog
e:\vscode\kmdf driver1\admin\x64\debug\admin.tlog\link.read.1.tlog
e:\vscode\kmdf driver1\admin\x64\debug\admin.tlog\link.write.1.tlog
e:\vscode\kmdf driver1\admin\x64\debug\admin.tlog\rc.command.1.tlog
e:\vscode\kmdf driver1\admin\x64\debug\admin.tlog\rc.read.1.tlog
e:\vscode\kmdf driver1\admin\x64\debug\admin.tlog\rc.write.1.tlog
